# JRE version: OpenJDK Runtime Environment (17.0.11) (build 17.0.11+0--11852314)
# Java VM: OpenJDK 64-Bit Server VM (17.0.11+0--11852314, mixed mode, tiered, compressed oops, compressed class ptrs, g1 gc, windows-amd64)
GC Precious Log:
 CPUs: 2 total, 2 available
 Memory: 3471M
 Large Page Support: Disabled
 NUMA Support: Disabled
 Compressed Oops: Enabled (Zero based)
 Heap Region Size: 4M
 Heap Min Capacity: 8M
 Heap Initial Capacity: 56M
 Heap Max Capacity: 8G
 Pre-touch: Disabled
 Parallel Workers: 2
 Concurrent Workers: 1
 Concurrent Refinement Workers: 2
 Periodic GC: Disabled
Heap:
 garbage-first heap   total 1339392K, used 98638K [0x0000000600000000, 0x0000000800000000)
  region size 4096K, 1 young (4096K), 1 survivors (4096K)
 Metaspace       used 91433K, committed 92096K, reserved 1179648K
  class space    used 12619K, committed 12928K, reserved 1048576K
GC Heap History (20 events):
Event: 407.123 GC heap after
{Heap after GC invocations=56 (full 0):
 garbage-first heap   total 446464K, used 57237K [0x0000000600000000, 0x0000000800000000)
  region size 4096K, 1 young (4096K), 1 survivors (4096K)
 Metaspace       used 70561K, committed 71168K, reserved 1114112K
  class space    used 9808K, committed 10048K, reserved 1048576K
}
Event: 414.349 GC heap before
{Heap before GC invocations=56 (full 0):
 garbage-first heap   total 446464K, used 73621K [0x0000000600000000, 0x0000000800000000)
  region size 4096K, 5 young (20480K), 1 survivors (4096K)
 Metaspace       used 71727K, committed 72320K, reserved 1114112K
  class space    used 9993K, committed 10240K, reserved 1048576K
}
Event: 418.079 GC heap after
{Heap after GC invocations=57 (full 0):
 garbage-first heap   total 446464K, used 57875K [0x0000000600000000, 0x0000000800000000)
  region size 4096K, 1 young (4096K), 1 survivors (4096K)
 Metaspace       used 71727K, committed 72320K, reserved 1114112K
  class space    used 9993K, committed 10240K, reserved 1048576K
}
Event: 424.101 GC heap before
{Heap before GC invocations=57 (full 0):
 garbage-first heap   total 446464K, used 74259K [0x0000000600000000, 0x0000000800000000)
  region size 4096K, 5 young (20480K), 1 survivors (4096K)
 Metaspace       used 72572K, committed 73152K, reserved 1114112K
  class space    used 10111K, committed 10368K, reserved 1048576K
}
Event: 424.110 GC heap after
{Heap after GC invocations=58 (full 0):
 garbage-first heap   total 446464K, used 59002K [0x0000000600000000, 0x0000000800000000)
  region size 4096K, 1 young (4096K), 1 survivors (4096K)
 Metaspace       used 72572K, committed 73152K, reserved 1114112K
  class space    used 10111K, committed 10368K, reserved 1048576K
}
Event: 443.659 GC heap before
{Heap before GC invocations=58 (full 0):
 garbage-first heap   total 446464K, used 75386K [0x0000000600000000, 0x0000000800000000)
  region size 4096K, 5 young (20480K), 1 survivors (4096K)
 Metaspace       used 73668K, committed 74240K, reserved 1114112K
  class space    used 10256K, committed 10496K, reserved 1048576K
}
Event: 446.713 GC heap after
{Heap after GC invocations=59 (full 0):
 garbage-first heap   total 446464K, used 59926K [0x0000000600000000, 0x0000000800000000)
  region size 4096K, 1 young (4096K), 1 survivors (4096K)
 Metaspace       used 73668K, committed 74240K, reserved 1114112K
  class space    used 10256K, committed 10496K, reserved 1048576K
}
Event: 457.671 GC heap before
{Heap before GC invocations=59 (full 0):
 garbage-first heap   total 446464K, used 76310K [0x0000000600000000, 0x0000000800000000)
  region size 4096K, 5 young (20480K), 1 survivors (4096K)
 Metaspace       used 75004K, committed 75584K, reserved 1114112K
  class space    used 10460K, committed 10688K, reserved 1048576K
}
Event: 461.286 GC heap after
{Heap after GC invocations=60 (full 0):
 garbage-first heap   total 1339392K, used 60998K [0x0000000600000000, 0x0000000800000000)
  region size 4096K, 1 young (4096K), 1 survivors (4096K)
 Metaspace       used 75004K, committed 75584K, reserved 1114112K
  class space    used 10460K, committed 10688K, reserved 1048576K
}
Event: 483.409 GC heap before
{Heap before GC invocations=60 (full 0):
 garbage-first heap   total 1339392K, used 122438K [0x0000000600000000, 0x0000000800000000)
  region size 4096K, 16 young (65536K), 1 survivors (4096K)
 Metaspace       used 78601K, committed 79232K, reserved 1179648K
  class space    used 11036K, committed 11328K, reserved 1048576K
}
Event: 483.435 GC heap after
{Heap after GC invocations=61 (full 0):
 garbage-first heap   total 1339392K, used 66422K [0x0000000600000000, 0x0000000800000000)
  region size 4096K, 2 young (8192K), 2 survivors (8192K)
 Metaspace       used 78601K, committed 79232K, reserved 1179648K
  class space    used 11036K, committed 11328K, reserved 1048576K
}
Event: 492.979 GC heap before
{Heap before GC invocations=61 (full 0):
 garbage-first heap   total 1339392K, used 123766K [0x0000000600000000, 0x0000000800000000)
  region size 4096K, 16 young (65536K), 2 survivors (8192K)
 Metaspace       used 78815K, committed 79488K, reserved 1179648K
  class space    used 11038K, committed 11328K, reserved 1048576K
}
Event: 494.035 GC heap after
{Heap after GC invocations=62 (full 0):
 garbage-first heap   total 1339392K, used 69144K [0x0000000600000000, 0x0000000800000000)
  region size 4096K, 1 young (4096K), 1 survivors (4096K)
 Metaspace       used 78815K, committed 79488K, reserved 1179648K
  class space    used 11038K, committed 11328K, reserved 1048576K
}
Event: 501.698 GC heap before
{Heap before GC invocations=62 (full 0):
 garbage-first heap   total 1339392K, used 126488K [0x0000000600000000, 0x0000000800000000)
  region size 4096K, 16 young (65536K), 1 survivors (4096K)
 Metaspace       used 79700K, committed 80384K, reserved 1179648K
  class space    used 11141K, committed 11456K, reserved 1048576K
}
Event: 501.715 GC heap after
{Heap after GC invocations=63 (full 0):
 garbage-first heap   total 1339392K, used 74354K [0x0000000600000000, 0x0000000800000000)
  region size 4096K, 2 young (8192K), 2 survivors (8192K)
 Metaspace       used 79700K, committed 80384K, reserved 1179648K
  class space    used 11141K, committed 11456K, reserved 1048576K
}
Event: 510.755 GC heap before
{Heap before GC invocations=63 (full 0):
 garbage-first heap   total 1339392K, used 127602K [0x0000000600000000, 0x0000000800000000)
  region size 4096K, 16 young (65536K), 2 survivors (8192K)
 Metaspace       used 82394K, committed 83136K, reserved 1179648K
  class space    used 11513K, committed 11840K, reserved 1048576K
}
Event: 515.609 GC heap after
{Heap after GC invocations=64 (full 0):
 garbage-first heap   total 1339392K, used 89131K [0x0000000600000000, 0x0000000800000000)
  region size 4096K, 2 young (8192K), 2 survivors (8192K)
 Metaspace       used 82394K, committed 83136K, reserved 1179648K
  class space    used 11513K, committed 11840K, reserved 1048576K
}
Event: 543.458 GC heap before
{Heap before GC invocations=64 (full 0):
 garbage-first heap   total 1339392K, used 146475K [0x0000000600000000, 0x0000000800000000)
  region size 4096K, 16 young (65536K), 2 survivors (8192K)
 Metaspace       used 87218K, committed 87872K, reserved 1179648K
  class space    used 12052K, committed 12352K, reserved 1048576K
}
Event: 549.624 GC heap after
{Heap after GC invocations=65 (full 0):
 garbage-first heap   total 1339392K, used 95909K [0x0000000600000000, 0x0000000800000000)
  region size 4096K, 2 young (8192K), 2 survivors (8192K)
 Metaspace       used 87218K, committed 87872K, reserved 1179648K
  class space    used 12052K, committed 12352K, reserved 1048576K
}
Event: 552.155 GC heap before
{Heap before GC invocations=65 (full 0):
 garbage-first heap   total 1339392K, used 153253K [0x0000000600000000, 0x0000000800000000)
  region size 4096K, 16 young (65536K), 2 survivors (8192K)
 Metaspace       used 91433K, committed 92096K, reserved 1179648K
  class space    used 12619K, committed 12928K, reserved 1048576K
}

